temp/xxnedtmp2/event.log NEWFILE1
temp/xxnedtmp2/text.log NEWFILE2
temp/xxnedtmp2/environ.log NEWFILE3
D:\Cadence\SPB_16.6\share\cdssetup/concept/concepthdl.scr FILE4
D:\Cadence\Summer_Circruit\cds.lib FILE5
D:\Cadence\Summer_Circruit\worklib\demo\sch_1\page1.csb FILE6
D:\Cadence\Summer_Circruit\worklib\demo\sch_1\page_map.lck NEWFILE7
D:\Cadence\Summer_Circruit\worklib\demo\sch_1\page1_csb.lck NEWFILE8
temp/xxnedtmp2/undo1.log NEWFILE9
D:\Cadence\SPB_16.6\share\library\standard\b#20size#20page\sym_1\symbol.css FILE10
D:\Cadence\Summer_Circruit\worklib\dip16\sym_1\symbol.css FILE11
D:\Cadence\Summer_Circruit\worklib\resistor\sym_1\symbol.css FILE12
D:\Cadence\Summer_Circruit\worklib\adxl345\sym_1\symbol.css FILE13
D:\Cadence\Summer_Circruit\worklib\oled\sym_1\symbol.css FILE14
D:\Cadence\Summer_Circruit\worklib\dip4\sym_1\symbol.css FILE15
D:\Cadence\Summer_Circruit\worklib\resetkey\sym_1\symbol.css FILE16
D:\Cadence\Summer_Circruit\worklib\cp\sym_1\symbol.css FILE17
D:\Cadence\Summer_Circruit\worklib\crystal\sym_1\symbol.css FILE18
D:\Cadence\Summer_Circruit\worklib\c\sym_1\symbol.css FILE19
D:\Cadence\Summer_Circruit\worklib\switch\sym_1\symbol.css FILE20
D:\Cadence\Summer_Circruit\worklib\lm7805\sym_1\symbol.css FILE21
D:\Cadence\Summer_Circruit\worklib\led\sym_1\symbol.css FILE22
D:\Cadence\Summer_Circruit\worklib\dip2\sym_1\symbol.css FILE23
D:\Cadence\Summer_Circruit\worklib\1n4377\sym_1\symbol.css FILE24
D:\Cadence\Summer_Circruit\worklib\89c52\sym_1\symbol.css FILE25
D:\Cadence\Summer_Circruit\worklib\demo\sch_1\page1_csa.lck NEWFILE26
D:/Cadence/Summer_Circruit/worklib/demo/sch_1/demo.xcon FILE27
D:/Cadence/Summer_Circruit/worklib/demo/sch_1/demo.dcf FILE28
D:\Cadence\Summer_Circruit\worklib\demo\packaged/pstback.dat FILE29
D:/Cadence/SPB_16.6/tools/language/config.dat FILE30
temp/xxnedtmp2/../b#20size#20page.mkr NEWFILE31
temp/xxnedtmp2/../dip16.mkr NEWFILE32
temp/xxnedtmp2/../resistor.mkr NEWFILE33
temp/xxnedtmp2/../adxl345.mkr NEWFILE34
temp/xxnedtmp2/../oled.mkr NEWFILE35
temp/xxnedtmp2/../dip4.mkr NEWFILE36
temp/xxnedtmp2/../resetkey.mkr NEWFILE37
temp/xxnedtmp2/../cp.mkr NEWFILE38
temp/xxnedtmp2/../crystal.mkr NEWFILE39
temp/xxnedtmp2/../c.mkr NEWFILE40
temp/xxnedtmp2/../switch.mkr NEWFILE41
temp/xxnedtmp2/../lm7805.mkr NEWFILE42
temp/xxnedtmp2/../led.mkr NEWFILE43
temp/xxnedtmp2/../dip2.mkr NEWFILE44
temp/xxnedtmp2/../1n4377.mkr NEWFILE45
temp/xxnedtmp2/../89c52.mkr NEWFILE46
D:/Cadence/Summer_Circruit/worklib/demo/sch_1/demo_xcon.lck NEWFILE47
D:/Cadence/Summer_Circruit/worklib/demo/sch_1/demo_dcf.lck NEWFILE48
D:\Cadence\Summer_Circruit\worklib\demo\sch_1\page1.csa FILE49
D:\Cadence\Summer_Circruit\worklib\demo\sch_1\page1.csv FILE50
temp/xxnedtmp2/csnetlister.mkr NEWFILE51
