(---------------------------------------------------------------------)
(                                                                     )
(    NC DRILL Log                                                     )
(                                                                     )
(    Drawing          : board.brd                                     )
(    Software Version : 16.6-2015S108                                 )
(    Date/Time        : Tue Jul 11 11:18:34 2023                      )
(                                                                     )
(---------------------------------------------------------------------)



 Processing NC Parameters file 'nc_param.txt' ...

 NC PARAMETERS
 -------------

 FORMAT   		2.5
 MACHINE-OFFSET		x:0.00000	y:0.00000   (inch)
 FEEDRATE		1
 COORDINATES		ABSOLUTE
 OUTPUT-UNITS		ENGLISH
 TOOL-ORDER		INCREASING
 REPEAT-CODES		YES
 SUPPRESS-LEAD-ZEROES	NO
 SUPPRESS-TRAIL-ZEROES	NO
 SUPPRESS-EQUAL		NO
 TOOL-SELECT		NO
 HEADER			none
 LEADER			12
 CODE			ASCII
 SEPARATE		NO
 SEPARATE-ROUTING	NO
 OPTIMIZE_DRILLING	NO
 ENHANCED_EXCELLON	NO
 SCALE			1.000000



 Drill files being output to directory 'D:/Cadence/Summer_Circruit/worklib/demo/physical' ...



     'nc_drill-1-2.drl' created for holes connecting TOP and BOTTOM
     --------------------------------------------------------------

           Num     Size      +/- Tolerance     Plating   Quantity

            1.  13.0000    0.0000/  0.0000      PLATED          1
            2.  25.0000    0.0000/  0.0000      PLATED        105
            3.  32.0000    0.0000/  0.0000      PLATED          2
            4.  40.0000    0.0000/  0.0000      PLATED          4
            5.  44.0000    0.0000/  0.0000      PLATED          3

     ---- Total holes:                                        115

     ---- Total head travel:              3.92 feet (1.20 meters)

