temp/xxnedtmp3/event.log NEWFILE1
temp/xxnedtmp3/text.log NEWFILE2
temp/xxnedtmp3/environ.log NEWFILE3
D:\Cadence\SPB_16.6\share\cdssetup/concept/concepthdl.scr FILE4
D:\Cadence\Summer_Circruit\cds.lib FILE5
D:\Cadence\Summer_Circruit\worklib\demo\sch_1\page1.csb FILE6
D:\Cadence\Summer_Circruit\worklib\demo\sch_1\page_map.lck NEWFILE7
D:\Cadence\Summer_Circruit\worklib\demo\sch_1\page1_csb.lck NEWFILE8
temp/xxnedtmp3/undo1.log NEWFILE9
D:\Cadence\SPB_16.6\share\library\standard\b#20size#20page\sym_1\symbol.css FILE10
D:\Cadence\Summer_Circruit\worklib\dip16\sym_1\symbol.css FILE11
D:\Cadence\Summer_Circruit\worklib\resistor\sym_1\symbol.css FILE12
D:\Cadence\Summer_Circruit\worklib\adxl345\sym_1\symbol.css FILE13
D:\Cadence\Summer_Circruit\worklib\oled\sym_1\symbol.css FILE14
D:\Cadence\Summer_Circruit\worklib\dip4\sym_1\symbol.css FILE15
D:\Cadence\Summer_Circruit\worklib\resetkey\sym_1\symbol.css FILE16
D:\Cadence\Summer_Circruit\worklib\cp\sym_1\symbol.css FILE17
D:\Cadence\Summer_Circruit\worklib\crystal\sym_1\symbol.css FILE18
D:\Cadence\Summer_Circruit\worklib\c\sym_1\symbol.css FILE19
D:\Cadence\Summer_Circruit\worklib\switch\sym_1\symbol.css FILE20
D:\Cadence\Summer_Circruit\worklib\lm7805\sym_1\symbol.css FILE21
D:\Cadence\Summer_Circruit\worklib\led\sym_1\symbol.css FILE22
D:\Cadence\Summer_Circruit\worklib\dip2\sym_1\symbol.css FILE23
D:\Cadence\Summer_Circruit\worklib\1n4377\sym_1\symbol.css FILE24
D:\Cadence\Summer_Circruit\worklib\89c52\sym_1\symbol.css FILE25
D:\Cadence\Summer_Circruit\worklib\demo\sch_1\page1_csa.lck NEWFILE26
D:/Cadence/Summer_Circruit/worklib/demo/sch_1/demo.xcon FILE27
D:/Cadence/Summer_Circruit/worklib/demo/sch_1/demo.dcf FILE28
D:/Cadence/SPB_16.6/tools/language/config.dat FILE29
temp/xxnedtmp3/concept.mkr NEWFILE30
D:/Cadence/SPB_16.6/tools/language/pack_type_rename.dat NEWFILE31
temp/xxnedtmp3/../adxl345.mkr NEWFILE32
temp/xxnedtmp3/../oled.mkr NEWFILE33
temp/xxnedtmp3/../resistor.mkr NEWFILE34
temp/xxnedtmp3/../switch.mkr NEWFILE35
temp/xxnedtmp3/../b#20size#20page.mkr NEWFILE36
temp/xxnedtmp3/../c.mkr NEWFILE37
temp/xxnedtmp3/../1n4377.mkr NEWFILE38
temp/xxnedtmp3/../resetkey.mkr NEWFILE39
temp/xxnedtmp3/../led.mkr NEWFILE40
temp/xxnedtmp3/../dip2.mkr NEWFILE41
temp/xxnedtmp3/../lm7805.mkr NEWFILE42
temp/xxnedtmp3/../dip16.mkr NEWFILE43
temp/xxnedtmp3/../89c52.mkr NEWFILE44
temp/xxnedtmp3/../cp.mkr NEWFILE45
temp/xxnedtmp3/../crystal.mkr NEWFILE46
temp/xxnedtmp3/../dip4.mkr NEWFILE47
D:/Cadence/Summer_Circruit/worklib/demo/sch_1/demo_xcon.lck NEWFILE48
D:/Cadence/Summer_Circruit/worklib/demo/sch_1/demo_dcf.lck NEWFILE49
D:\Cadence\Summer_Circruit\worklib\demo\sch_1\page1.csa FILE50
D:\Cadence\Summer_Circruit\worklib\demo\sch_1\page1.csv FILE51
temp/xxnedtmp3/csnetlister.mkr NEWFILE52
D:\Cadence\Summer_Circruit\worklib\demo\sch_1\pc.db FILE53
D:\Cadence\Summer_Circruit\worklib\demo\packaged/pstback.dat FILE54
