FILE_TYPE=LIBRARY_PARTS;
primitive 'C';
  pin
    '1':
      PIN_NUMBER='(1)';
      PINUSE='UNSPEC';
      NO_LOAD_CHECK='Both';
      NO_IO_CHECK='Both';
      NO_ASSERT_CHECK='TRUE';
      NO_DIR_CHECK='TRUE';
      ALLOW_CONNECT='TRUE';
    '2':
      PIN_NUMBER='(2)';
      PINUSE='UNSPEC';
      NO_LOAD_CHECK='Both';
      NO_IO_CHECK='Both';
      NO_ASSERT_CHECK='TRUE';
      NO_DIR_CHECK='TRUE';
      ALLOW_CONNECT='TRUE';
  end_pin;
  body
    PART_NAME='C';
    PART_NUMBER='C';
    PHYS_DES_PRE='C';
    VENDOR='*';
    BODY_NAME='C';
    JEDEC_TYPE='C';
    PHYS_DES_PREFIX='C';
    CLASS='IC';
  end_body;
end_primitive;

END.
